2021-01-10T04:48:55+00:00 CRITICAL Uncaught Error: Call to a member function get_cart() on string in C:\xampp\htdocs\wp-task\wp-content\themes\99fy\functions.php:316
Stack trace:
#0 C:\xampp\htdocs\wp-task\wp-includes\class-wp-hook.php(287): cfwc_before_calculate_totals('')
#1 C:\xampp\htdocs\wp-task\wp-includes\class-wp-hook.php(311): WP_Hook->apply_filters('', Array)
#2 C:\xampp\htdocs\wp-task\wp-includes\plugin.php(484): WP_Hook->do_action(Array)
#3 C:\xampp\htdocs\wp-task\wp-content\themes\99fy\woocommerce\single-product\add-to-cart\variable.php(26): do_action('woocommerce_bef...')
#4 C:\xampp\htdocs\wp-task\wp-content\plugins\woocommerce\includes\wc-core-functions.php(345): include('C:\\xampp\\htdocs...')
#5 C:\xampp\htdocs\wp-task\wp-content\plugins\woocommerce\includes\wc-template-functions.php(1670): wc_get_template('single-product/...', Array)
#6 C:\xampp\htdocs\wp-task\wp-includes\class-wp-hook.php(287): woocommerce_variable_add_to_cart('')
#7 C:\xampp\htdocs\wp-task\wp-includes\class-wp-hook.php(311): WP_Hook->apply_filters('', Arra in C:\xampp\htdocs\wp-task\wp-content\themes\99fy\functions.php on line 316

2021-01-10T06:51:36+00:00 CRITICAL Uncaught Error: Call to undefined method WC_Product_Variable::additional_info() in C:\xampp\htdocs\wp-task\wp-content\themes\99fy\functions.php:266
Stack trace:
#0 C:\xampp\htdocs\wp-task\wp-includes\class-wp-hook.php(287): cfwc_display_custom_field('')
#1 C:\xampp\htdocs\wp-task\wp-includes\class-wp-hook.php(311): WP_Hook->apply_filters(NULL, Array)
#2 C:\xampp\htdocs\wp-task\wp-includes\plugin.php(484): WP_Hook->do_action(Array)
#3 C:\xampp\htdocs\wp-task\wp-content\plugins\woocommerce\templates\single-product\add-to-cart\variation-add-to-cart-button.php(15): do_action('woocommerce_bef...')
#4 C:\xampp\htdocs\wp-task\wp-content\plugins\woocommerce\includes\wc-core-functions.php(345): include('C:\\xampp\\htdocs...')
#5 C:\xampp\htdocs\wp-task\wp-content\plugins\woocommerce\includes\wc-template-functions.php(2976): wc_get_template('single-product/...')
#6 C:\xampp\htdocs\wp-task\wp-includes\class-wp-hook.php(287): woocommerce_single_variation_add_to_cart_button('')
#7 C:\xampp\htdocs\wp-task\wp-includes\class in C:\xampp\htdocs\wp-task\wp-content\themes\99fy\functions.php on line 266

2021-01-10T07:17:23+00:00 CRITICAL syntax error, unexpected 'endforeach' (T_ENDFOREACH) in C:\xampp\htdocs\wp-task\wp-content\themes\99fy\functions.php on line 268

2021-01-10T07:19:03+00:00 CRITICAL Uncaught ArgumentCountError: Too few arguments to function esc_html(), 0 passed in C:\xampp\htdocs\wp-task\wp-content\themes\99fy\functions.php on line 275 and exactly 1 expected in C:\xampp\htdocs\wp-task\wp-includes\formatting.php:4477
Stack trace:
#0 C:\xampp\htdocs\wp-task\wp-content\themes\99fy\functions.php(275): esc_html()
#1 C:\xampp\htdocs\wp-task\wp-includes\class-wp-hook.php(287): cfwc_display_custom_field('')
#2 C:\xampp\htdocs\wp-task\wp-includes\class-wp-hook.php(311): WP_Hook->apply_filters(NULL, Array)
#3 C:\xampp\htdocs\wp-task\wp-includes\plugin.php(484): WP_Hook->do_action(Array)
#4 C:\xampp\htdocs\wp-task\wp-content\plugins\woocommerce\templates\single-product\add-to-cart\variation-add-to-cart-button.php(15): do_action('woocommerce_bef...')
#5 C:\xampp\htdocs\wp-task\wp-content\plugins\woocommerce\includes\wc-core-functions.php(345): include('C:\\xampp\\htdocs...')
#6 C:\xampp\htdocs\wp-task\wp-content\plugins\woocommerce\includes\wc-template-functions.php(2976): wc_get_template('single-pr in C:\xampp\htdocs\wp-task\wp-includes\formatting.php on line 4477

